<?xml version="1.0" encoding="UTF-8"?>
<!-- Generated by org.testng.reporters.JUnitXMLReporter -->
<testsuite ignored="0" hostname="DESKTOP-U691P5C" failures="0" tests="3" name="Default test" time="4.996" errors="0" timestamp="2024-02-19T09:20:44 IST">
  <testcase classname="apiSmales.Dynamicjson" name="addBook" time="4.475"/>
  <testcase classname="apiSmales.Dynamicjson" name="addBook" time="0.228"/>
  <testcase classname="apiSmales.Dynamicjson" name="addBook" time="0.202"/>
</testsuite> <!-- Default test -->
