<?xml version="1.0" encoding="UTF-8"?>
<testng-results ignored="0" total="3" passed="3" failed="0" skipped="0">
  <reporter-output>
  </reporter-output>
  <suite started-at="2024-02-19T09:20:39 IST" name="Default suite" finished-at="2024-02-19T09:20:44 IST" duration-ms="4996">
    <groups>
    </groups>
    <test started-at="2024-02-19T09:20:39 IST" name="Default test" finished-at="2024-02-19T09:20:44 IST" duration-ms="4996">
      <class name="apiSmales.Dynamicjson">
        <test-method signature="addBook(java.lang.String,java.lang.String)[pri:0, instance:apiSmales.Dynamicjson@5af3afd9]" started-at="2024-02-19T09:20:39 IST" name="addBook" data-provider="BooksData" finished-at="2024-02-19T09:20:44 IST" duration-ms="4475" status="PASS">
          <params>
            <param index="0">
              <value>
                <![CDATA[ojfwty]]>
              </value>
            </param>
            <param index="1">
              <value>
                <![CDATA[9363]]>
              </value>
            </param>
          </params>
          <reporter-output>
          </reporter-output>
        </test-method> <!-- addBook -->
        <test-method signature="addBook(java.lang.String,java.lang.String)[pri:0, instance:apiSmales.Dynamicjson@5af3afd9]" started-at="2024-02-19T09:20:44 IST" name="addBook" data-provider="BooksData" finished-at="2024-02-19T09:20:44 IST" duration-ms="228" status="PASS">
          <params>
            <param index="0">
              <value>
                <![CDATA[cwetee]]>
              </value>
            </param>
            <param index="1">
              <value>
                <![CDATA[4823]]>
              </value>
            </param>
          </params>
          <reporter-output>
          </reporter-output>
        </test-method> <!-- addBook -->
        <test-method signature="addBook(java.lang.String,java.lang.String)[pri:0, instance:apiSmales.Dynamicjson@5af3afd9]" started-at="2024-02-19T09:20:44 IST" name="addBook" data-provider="BooksData" finished-at="2024-02-19T09:20:44 IST" duration-ms="202" status="PASS">
          <params>
            <param index="0">
              <value>
                <![CDATA[okmfet]]>
              </value>
            </param>
            <param index="1">
              <value>
                <![CDATA[533]]>
              </value>
            </param>
          </params>
          <reporter-output>
          </reporter-output>
        </test-method> <!-- addBook -->
      </class> <!-- apiSmales.Dynamicjson -->
    </test> <!-- Default test -->
  </suite> <!-- Default suite -->
</testng-results>
